[2025-07-07 09:38:52] INFO: System running smoothly
[2025-07-07 09:38:56] INFO: System running smoothly
[2025-07-07 09:38:59] INFO: System running smoothly
[2025-07-07 09:39:00] DEBUG: Checking API response time
[2025-07-07 09:39:01] DEBUG: Checking API response time
[2025-07-07 09:39:02] DEBUG: Checking API response time
[2025-07-07 09:39:03] INFO: System running smoothly
[2025-07-07 09:39:04] ERROR: Database connection failed
[2025-07-07 09:39:07] WARNING: Memory usage is high
[2025-07-07 09:39:08] INFO: System running smoothly
[2025-07-07 09:39:11] INFO: System running smoothly
[2025-07-07 09:39:13] ERROR: Database connection failed
[2025-07-07 09:39:16] INFO: System running smoothly
[2025-07-07 09:39:19] ERROR: Database connection failed
[2025-07-07 09:39:20] WARNING: Memory usage is high
[2025-07-07 09:39:22] DEBUG: Checking API response time
[2025-07-07 09:39:24] ERROR: Database connection failed
[2025-07-07 09:39:25] INFO: System running smoothly
[2025-07-07 09:39:26] ERROR: Database connection failed
[2025-07-07 09:39:29] WARNING: Memory usage is high
[2025-07-07 09:39:31] WARNING: Memory usage is high
[2025-07-07 09:39:32] ERROR: Database connection failed
[2025-07-07 09:39:34] INFO: System running smoothly
[2025-07-07 09:39:36] INFO: System running smoothly
[2025-07-07 09:39:37] DEBUG: Checking API response time
[2025-07-07 09:39:40] WARNING: Memory usage is high
[2025-07-07 09:39:43] INFO: System running smoothly
[2025-07-07 09:39:46] WARNING: Memory usage is high
[2025-07-07 09:39:47] WARNING: Memory usage is high
[2025-07-07 09:39:48] ERROR: Database connection failed
[2025-07-07 09:39:50] INFO: System running smoothly
[2025-07-07 09:39:51] INFO: System running smoothly
[2025-07-07 09:39:52] DEBUG: Checking API response time
[2025-07-07 09:39:54] WARNING: Memory usage is high
[2025-07-07 09:39:56] WARNING: Memory usage is high
[2025-07-07 09:39:57] DEBUG: Checking API response time
[2025-07-07 09:40:00] ERROR: Database connection failed
[2025-07-07 09:40:02] ERROR: Database connection failed
[2025-07-07 09:40:05] DEBUG: Checking API response time
[2025-07-07 09:40:08] ERROR: Database connection failed
[2025-07-07 09:40:11] DEBUG: Checking API response time
[2025-07-07 09:40:13] ERROR: Database connection failed
[2025-07-07 09:40:15] WARNING: Memory usage is high
[2025-07-07 09:40:17] INFO: System running smoothly
[2025-07-07 09:40:18] ERROR: Database connection failed
[2025-07-07 09:40:21] ERROR: Database connection failed
[2025-07-07 09:40:22] WARNING: Memory usage is high
[2025-07-07 09:40:25] WARNING: Memory usage is high
[2025-07-07 09:40:28] DEBUG: Checking API response time
[2025-07-07 09:40:29] WARNING: Memory usage is high
[2025-07-07 09:40:32] DEBUG: Checking API response time
[2025-07-07 09:40:34] INFO: System running smoothly
[2025-07-07 09:40:37] WARNING: Memory usage is high
[2025-07-07 09:40:38] INFO: System running smoothly
[2025-07-07 09:40:39] ERROR: Database connection failed
[2025-07-07 09:40:40] DEBUG: Checking API response time
[2025-07-07 09:40:42] INFO: System running smoothly
[2025-07-07 09:40:44] ERROR: Database connection failed
[2025-07-07 09:40:47] INFO: System running smoothly
[2025-07-07 09:40:50] WARNING: Memory usage is high
[2025-07-07 09:40:52] DEBUG: Checking API response time
[2025-07-07 09:40:53] DEBUG: Checking API response time
[2025-07-07 09:40:55] DEBUG: Checking API response time
[2025-07-07 09:40:57] INFO: System running smoothly
[2025-07-07 09:40:58] DEBUG: Checking API response time
[2025-07-07 09:41:01] INFO: System running smoothly
[2025-07-07 09:41:04] INFO: System running smoothly
[2025-07-07 09:41:05] DEBUG: Checking API response time
[2025-07-07 09:41:07] WARNING: Memory usage is high
[2025-07-07 09:41:09] WARNING: Memory usage is high
[2025-07-07 09:41:12] ERROR: Database connection failed
[2025-07-07 09:41:15] INFO: System running smoothly
[2025-07-07 09:41:17] DEBUG: Checking API response time
[2025-07-07 09:41:20] ERROR: Database connection failed
[2025-07-07 09:41:21] DEBUG: Checking API response time
[2025-07-07 09:41:22] INFO: System running smoothly
[2025-07-07 09:41:25] DEBUG: Checking API response time
[2025-07-07 09:41:28] ERROR: Database connection failed
[2025-07-07 09:41:29] ERROR: Database connection failed
[2025-07-07 09:41:32] DEBUG: Checking API response time
[2025-07-07 09:41:33] DEBUG: Checking API response time
[2025-07-07 09:41:35] WARNING: Memory usage is high
[2025-07-07 09:41:36] ERROR: Database connection failed
[2025-07-07 09:41:38] DEBUG: Checking API response time
[2025-07-07 09:41:39] ERROR: Database connection failed
[2025-07-07 09:41:42] INFO: System running smoothly
[2025-07-07 09:41:43] INFO: System running smoothly
[2025-07-07 09:41:44] DEBUG: Checking API response time
[2025-07-07 09:41:45] WARNING: Memory usage is high
[2025-07-07 09:41:47] WARNING: Memory usage is high
[2025-07-07 09:41:48] DEBUG: Checking API response time
[2025-07-07 09:41:50] INFO: System running smoothly
[2025-07-07 09:41:53] ERROR: Database connection failed
[2025-07-07 09:41:56] ERROR: Database connection failed
[2025-07-07 09:41:57] INFO: System running smoothly
[2025-07-07 09:42:00] WARNING: Memory usage is high
[2025-07-07 09:42:03] WARNING: Memory usage is high
[2025-07-07 09:50:25] WARNING: Memory usage is high
[2025-07-07 09:50:27] WARNING: Memory usage is high
[2025-07-07 09:50:28] INFO: System running smoothly
[2025-07-07 09:50:29] INFO: System running smoothly
[2025-07-07 09:50:32] INFO: System running smoothly
[2025-07-07 09:50:35] ERROR: Database connection failed
[2025-07-07 09:50:38] DEBUG: Checking API response time
[2025-07-07 09:50:41] DEBUG: Checking API response time
[2025-07-07 09:50:44] WARNING: Memory usage is high
[2025-07-07 09:50:46] ERROR: Database connection failed
[2025-07-07 09:50:47] ERROR: Database connection failed
[2025-07-07 09:50:49] ERROR: Database connection failed
[2025-07-07 09:50:52] WARNING: Memory usage is high
[2025-07-07 09:50:53] INFO: System running smoothly
[2025-07-07 09:50:55] WARNING: Memory usage is high
[2025-07-07 09:50:58] ERROR: Database connection failed
[2025-07-07 09:50:59] DEBUG: Checking API response time
[2025-07-07 09:51:01] WARNING: Memory usage is high
[2025-07-07 09:51:03] INFO: System running smoothly
[2025-07-07 09:51:04] DEBUG: Checking API response time
[2025-07-07 09:51:07] DEBUG: Checking API response time
[2025-07-07 09:51:08] INFO: System running smoothly
[2025-07-07 09:51:11] WARNING: Memory usage is high
[2025-07-07 09:51:13] WARNING: Memory usage is high
[2025-07-07 09:51:14] ERROR: Database connection failed
[2025-07-07 09:51:15] INFO: System running smoothly
[2025-07-07 09:51:18] ERROR: Database connection failed
[2025-07-07 09:51:20] WARNING: Memory usage is high
[2025-07-07 09:51:22] DEBUG: Checking API response time
[2025-07-07 09:51:23] ERROR: Database connection failed
[2025-07-07 09:51:25] DEBUG: Checking API response time
[2025-07-07 09:51:27] WARNING: Memory usage is high
[2025-07-07 09:51:29] ERROR: Database connection failed
[2025-07-07 09:51:30] WARNING: Memory usage is high
[2025-07-07 09:51:31] WARNING: Memory usage is high
[2025-07-07 09:51:33] WARNING: Memory usage is high
[2025-07-07 09:51:35] WARNING: Memory usage is high
[2025-07-07 09:51:37] DEBUG: Checking API response time
[2025-07-07 09:51:39] ERROR: Database connection failed
[2025-07-07 09:51:40] ERROR: Database connection failed
[2025-07-07 09:51:41] WARNING: Memory usage is high
[2025-07-07 09:51:43] WARNING: Memory usage is high
[2025-07-07 09:51:45] INFO: System running smoothly
[2025-07-07 09:51:48] WARNING: Memory usage is high
[2025-07-07 09:51:50] INFO: System running smoothly
[2025-07-07 09:51:51] WARNING: Memory usage is high
[2025-07-07 09:51:53] INFO: System running smoothly
[2025-07-07 09:51:56] ERROR: Database connection failed
[2025-07-07 09:51:57] WARNING: Memory usage is high
[2025-07-07 09:51:59] ERROR: Database connection failed
[2025-07-07 09:52:01] INFO: System running smoothly
[2025-07-07 09:52:02] WARNING: Memory usage is high
[2025-07-07 09:52:05] ERROR: Database connection failed
[2025-07-07 09:52:07] ERROR: Database connection failed
[2025-07-07 09:52:09] INFO: System running smoothly
[2025-07-07 09:52:12] WARNING: Memory usage is high
[2025-07-07 09:52:14] DEBUG: Checking API response time
[2025-07-07 09:52:16] WARNING: Memory usage is high
[2025-07-07 09:52:18] WARNING: Memory usage is high
[2025-07-07 09:52:20] ERROR: Database connection failed
[2025-07-07 09:52:23] WARNING: Memory usage is high
[2025-07-07 09:52:26] DEBUG: Checking API response time
[2025-07-07 09:52:28] ERROR: Database connection failed
[2025-07-07 09:52:30] DEBUG: Checking API response time
[2025-07-07 09:52:31] INFO: System running smoothly
[2025-07-07 09:52:32] INFO: System running smoothly
[2025-07-07 09:52:34] WARNING: Memory usage is high
[2025-07-07 09:52:36] WARNING: Memory usage is high
[2025-07-07 09:52:38] DEBUG: Checking API response time
[2025-07-07 09:52:41] INFO: System running smoothly
[2025-07-07 09:52:42] ERROR: Database connection failed
[2025-07-07 09:52:44] INFO: System running smoothly
[2025-07-07 09:52:47] DEBUG: Checking API response time
[2025-07-07 09:52:48] INFO: System running smoothly
[2025-07-07 09:52:50] INFO: System running smoothly
[2025-07-07 09:52:52] WARNING: Memory usage is high
[2025-07-07 09:52:53] DEBUG: Checking API response time
[2025-07-07 09:52:55] DEBUG: Checking API response time
[2025-07-07 09:52:58] ERROR: Database connection failed
[2025-07-07 09:52:59] DEBUG: Checking API response time
[2025-07-07 09:53:00] ERROR: Database connection failed
[2025-07-07 09:53:01] ERROR: Database connection failed
[2025-07-07 09:53:02] WARNING: Memory usage is high
[2025-07-07 09:53:03] INFO: System running smoothly
[2025-07-07 09:53:04] DEBUG: Checking API response time
[2025-07-07 09:53:07] DEBUG: Checking API response time
[2025-07-07 09:53:10] DEBUG: Checking API response time
[2025-07-07 09:53:13] ERROR: Database connection failed
[2025-07-07 09:53:15] DEBUG: Checking API response time
[2025-07-07 09:53:17] INFO: System running smoothly
[2025-07-07 09:53:19] WARNING: Memory usage is high
[2025-07-07 09:53:21] ERROR: Database connection failed
[2025-07-07 09:53:23] ERROR: Database connection failed
[2025-07-07 09:53:26] DEBUG: Checking API response time
[2025-07-07 09:53:28] DEBUG: Checking API response time
[2025-07-07 09:53:29] ERROR: Database connection failed
[2025-07-07 09:53:32] DEBUG: Checking API response time
[2025-07-07 09:53:34] DEBUG: Checking API response time
[2025-07-07 09:53:35] ERROR: Database connection failed
[2025-07-07 09:53:36] DEBUG: Checking API response time
[2025-07-07 09:53:39] WARNING: Memory usage is high
[2025-07-07 09:53:42] WARNING: Memory usage is high
[2025-07-07 09:53:44] INFO: System running smoothly
[2025-07-07 09:53:45] INFO: System running smoothly
[2025-07-07 09:53:48] DEBUG: Checking API response time
[2025-07-07 09:53:51] WARNING: Memory usage is high
[2025-07-07 09:53:54] WARNING: Memory usage is high
[2025-07-07 09:53:55] DEBUG: Checking API response time
[2025-07-07 09:53:56] WARNING: Memory usage is high
[2025-07-07 09:53:58] ERROR: Database connection failed
[2025-07-07 09:54:01] INFO: System running smoothly
[2025-07-07 09:54:02] DEBUG: Checking API response time
[2025-07-07 09:54:03] WARNING: Memory usage is high
[2025-07-07 09:54:04] WARNING: Memory usage is high
[2025-07-07 09:54:07] DEBUG: Checking API response time
[2025-07-07 09:54:10] DEBUG: Checking API response time
[2025-07-07 09:54:12] ERROR: Database connection failed
[2025-07-07 09:54:14] ERROR: Database connection failed
[2025-07-07 09:54:17] DEBUG: Checking API response time
[2025-07-07 09:54:19] DEBUG: Checking API response time
[2025-07-07 09:54:20] INFO: System running smoothly
[2025-07-07 09:54:21] INFO: System running smoothly
[2025-07-07 09:54:23] INFO: System running smoothly
[2025-07-07 09:54:25] ERROR: Database connection failed
[2025-07-07 09:54:27] INFO: System running smoothly
[2025-07-07 09:54:28] DEBUG: Checking API response time
[2025-07-07 09:54:30] INFO: System running smoothly
[2025-07-07 09:54:31] DEBUG: Checking API response time
[2025-07-07 09:54:34] INFO: System running smoothly
[2025-07-07 09:54:37] INFO: System running smoothly
[2025-07-07 09:54:38] INFO: System running smoothly
[2025-07-07 09:54:40] INFO: System running smoothly
[2025-07-07 09:54:41] ERROR: Database connection failed
[2025-07-07 09:54:42] DEBUG: Checking API response time
[2025-07-07 09:54:45] ERROR: Database connection failed
[2025-07-07 09:54:48] ERROR: Database connection failed
[2025-07-07 09:54:49] WARNING: Memory usage is high
[2025-07-07 09:54:52] ERROR: Database connection failed
[2025-07-07 09:54:55] ERROR: Database connection failed
[2025-07-07 09:54:57] ERROR: Database connection failed
[2025-07-07 09:54:59] DEBUG: Checking API response time
[2025-07-07 09:55:02] WARNING: Memory usage is high
[2025-07-07 09:55:05] DEBUG: Checking API response time
[2025-07-07 09:55:06] INFO: System running smoothly
[2025-07-07 09:55:07] DEBUG: Checking API response time
[2025-07-07 09:55:10] WARNING: Memory usage is high
[2025-07-07 09:55:13] INFO: System running smoothly
[2025-07-07 09:55:14] INFO: System running smoothly
[2025-07-07 09:55:15] DEBUG: Checking API response time
[2025-07-07 09:55:16] WARNING: Memory usage is high
[2025-07-07 09:55:17] INFO: System running smoothly
[2025-07-07 09:55:18] DEBUG: Checking API response time
[2025-07-07 09:55:20] DEBUG: Checking API response time
[2025-07-07 09:55:21] INFO: System running smoothly
[2025-07-07 09:55:23] WARNING: Memory usage is high
[2025-07-07 09:55:25] ERROR: Database connection failed
[2025-07-07 09:55:28] ERROR: Database connection failed
[2025-07-07 09:55:30] INFO: System running smoothly
[2025-07-07 09:55:32] ERROR: Database connection failed
[2025-07-07 09:55:35] ERROR: Database connection failed
[2025-07-07 09:55:37] INFO: System running smoothly
[2025-07-07 09:55:39] INFO: System running smoothly
[2025-07-07 09:55:40] INFO: System running smoothly
[2025-07-07 09:55:42] INFO: System running smoothly
[2025-07-07 09:55:43] INFO: System running smoothly
[2025-07-07 09:55:45] INFO: System running smoothly
[2025-07-07 09:55:48] WARNING: Memory usage is high
[2025-07-07 09:55:49] DEBUG: Checking API response time
[2025-07-07 09:55:51] WARNING: Memory usage is high
[2025-07-07 09:55:53] ERROR: Database connection failed
[2025-07-07 09:55:55] ERROR: Database connection failed
[2025-07-07 09:55:56] INFO: System running smoothly
[2025-07-07 09:55:57] DEBUG: Checking API response time
[2025-07-07 09:55:58] INFO: System running smoothly
[2025-07-07 09:55:59] DEBUG: Checking API response time
[2025-07-07 09:56:01] ERROR: Database connection failed
[2025-07-07 09:56:04] INFO: System running smoothly
[2025-07-07 09:56:05] WARNING: Memory usage is high
[2025-07-07 09:56:07] ERROR: Database connection failed
[2025-07-07 09:56:09] ERROR: Database connection failed
[2025-07-07 09:56:11] INFO: System running smoothly
[2025-07-07 09:56:12] INFO: System running smoothly
[2025-07-07 09:56:13] DEBUG: Checking API response time
[2025-07-07 09:56:16] WARNING: Memory usage is high
[2025-07-07 09:56:17] WARNING: Memory usage is high
[2025-07-07 09:56:18] ERROR: Database connection failed
[2025-07-07 09:56:20] WARNING: Memory usage is high
[2025-07-07 09:56:22] ERROR: Database connection failed
[2025-07-07 09:56:25] WARNING: Memory usage is high
[2025-07-07 09:56:26] WARNING: Memory usage is high
[2025-07-07 09:56:27] ERROR: Database connection failed
[2025-07-07 09:56:30] WARNING: Memory usage is high
[2025-07-07 09:56:33] ERROR: Database connection failed
[2025-07-07 09:56:34] DEBUG: Checking API response time
[2025-07-07 09:56:37] DEBUG: Checking API response time
[2025-07-07 09:56:40] ERROR: Database connection failed
[2025-07-07 09:56:41] DEBUG: Checking API response time
[2025-07-07 09:56:43] ERROR: Database connection failed
[2025-07-07 09:56:45] DEBUG: Checking API response time
[2025-07-07 09:56:47] WARNING: Memory usage is high
[2025-07-07 09:56:50] WARNING: Memory usage is high
[2025-07-07 09:56:53] DEBUG: Checking API response time
[2025-07-07 09:56:56] INFO: System running smoothly
[2025-07-07 09:56:57] WARNING: Memory usage is high
[2025-07-07 09:56:59] WARNING: Memory usage is high
[2025-07-07 09:57:01] ERROR: Database connection failed
[2025-07-07 09:57:04] WARNING: Memory usage is high
[2025-07-07 09:57:05] DEBUG: Checking API response time
[2025-07-07 09:57:06] WARNING: Memory usage is high
[2025-07-07 09:57:08] ERROR: Database connection failed
[2025-07-07 09:57:11] ERROR: Database connection failed
[2025-07-07 09:57:14] WARNING: Memory usage is high
[2025-07-07 09:57:15] DEBUG: Checking API response time
[2025-07-07 09:57:17] WARNING: Memory usage is high
[2025-07-07 09:57:19] WARNING: Memory usage is high
[2025-07-07 09:57:20] ERROR: Database connection failed
[2025-07-07 09:57:21] DEBUG: Checking API response time
[2025-07-07 09:57:23] INFO: System running smoothly
[2025-07-07 09:57:25] DEBUG: Checking API response time
[2025-07-07 09:57:26] ERROR: Database connection failed
[2025-07-07 09:57:27] INFO: System running smoothly
[2025-07-07 09:57:30] WARNING: Memory usage is high
[2025-07-07 09:57:31] ERROR: Database connection failed
[2025-07-07 09:57:32] WARNING: Memory usage is high
[2025-07-07 09:57:33] DEBUG: Checking API response time
[2025-07-07 09:57:35] WARNING: Memory usage is high
[2025-07-07 09:57:37] INFO: System running smoothly
[2025-07-07 09:57:40] ERROR: Database connection failed
[2025-07-07 09:57:42] INFO: System running smoothly
[2025-07-07 09:57:44] DEBUG: Checking API response time
[2025-07-07 09:57:45] WARNING: Memory usage is high
[2025-07-07 09:57:46] WARNING: Memory usage is high
[2025-07-07 09:57:48] DEBUG: Checking API response time
[2025-07-07 09:57:51] DEBUG: Checking API response time
[2025-07-07 09:57:52] ERROR: Database connection failed
[2025-07-07 09:57:55] WARNING: Memory usage is high
[2025-07-07 09:57:58] INFO: System running smoothly
[2025-07-07 09:58:01] INFO: System running smoothly
[2025-07-07 09:58:03] ERROR: Database connection failed
[2025-07-07 09:58:05] WARNING: Memory usage is high
[2025-07-07 09:58:06] WARNING: Memory usage is high
[2025-07-07 09:58:08] WARNING: Memory usage is high
[2025-07-07 09:58:10] DEBUG: Checking API response time
[2025-07-07 09:58:11] ERROR: Database connection failed
[2025-07-07 09:58:12] ERROR: Database connection failed
[2025-07-07 09:58:14] ERROR: Database connection failed
[2025-07-07 09:58:16] WARNING: Memory usage is high
[2025-07-07 09:58:18] ERROR: Database connection failed
[2025-07-07 09:58:21] ERROR: Database connection failed
[2025-07-07 09:58:24] INFO: System running smoothly
[2025-07-07 09:58:25] ERROR: Database connection failed
[2025-07-07 09:58:26] WARNING: Memory usage is high
[2025-07-07 09:58:27] DEBUG: Checking API response time
[2025-07-07 09:58:29] ERROR: Database connection failed
[2025-07-07 09:58:30] WARNING: Memory usage is high
[2025-07-07 09:58:33] WARNING: Memory usage is high
[2025-07-07 09:58:36] DEBUG: Checking API response time
[2025-07-07 09:58:37] WARNING: Memory usage is high
[2025-07-07 09:58:40] INFO: System running smoothly
[2025-07-07 09:58:42] ERROR: Database connection failed
[2025-07-07 09:58:45] WARNING: Memory usage is high
[2025-07-07 09:58:46] DEBUG: Checking API response time
[2025-07-07 09:58:49] WARNING: Memory usage is high
[2025-07-07 09:58:52] ERROR: Database connection failed
[2025-07-07 09:58:55] ERROR: Database connection failed
[2025-07-07 09:58:56] ERROR: Database connection failed
[2025-07-07 09:58:57] WARNING: Memory usage is high
[2025-07-07 09:58:58] ERROR: Database connection failed
[2025-07-07 09:59:00] DEBUG: Checking API response time
[2025-07-07 09:59:03] ERROR: Database connection failed
[2025-07-07 09:59:05] ERROR: Database connection failed
[2025-07-07 09:59:07] DEBUG: Checking API response time
[2025-07-07 09:59:08] INFO: System running smoothly
[2025-07-07 09:59:09] DEBUG: Checking API response time
[2025-07-07 09:59:12] INFO: System running smoothly
[2025-07-07 09:59:13] INFO: System running smoothly
[2025-07-07 09:59:15] INFO: System running smoothly
[2025-07-07 09:59:16] ERROR: Database connection failed
[2025-07-07 09:59:17] ERROR: Database connection failed
[2025-07-07 09:59:20] ERROR: Database connection failed
[2025-07-07 09:59:23] ERROR: Database connection failed
[2025-07-07 09:59:26] WARNING: Memory usage is high
[2025-07-07 09:59:29] ERROR: Database connection failed
[2025-07-07 09:59:32] WARNING: Memory usage is high
[2025-07-07 09:59:35] WARNING: Memory usage is high
[2025-07-07 09:59:37] INFO: System running smoothly
[2025-07-07 09:59:38] WARNING: Memory usage is high
[2025-07-07 09:59:39] DEBUG: Checking API response time
[2025-07-07 09:59:41] DEBUG: Checking API response time
[2025-07-07 09:59:45] WARNING: Memory usage is high
[2025-07-07 09:59:48] INFO: System running smoothly
[2025-07-07 09:59:49] WARNING: Memory usage is high
[2025-07-07 09:59:52] DEBUG: Checking API response time
[2025-07-07 09:59:55] ERROR: Database connection failed
[2025-07-07 09:59:57] INFO: System running smoothly
[2025-07-07 10:00:00] WARNING: Memory usage is high
[2025-07-07 10:00:03] WARNING: Memory usage is high
[2025-07-07 10:00:06] INFO: System running smoothly
[2025-07-07 10:00:09] ERROR: Database connection failed
[2025-07-07 10:00:11] INFO: System running smoothly
[2025-07-07 10:00:14] ERROR: Database connection failed
[2025-07-07 10:00:15] INFO: System running smoothly
[2025-07-07 10:00:17] ERROR: Database connection failed
[2025-07-07 10:00:19] WARNING: Memory usage is high
[2025-07-07 10:00:20] DEBUG: Checking API response time
[2025-07-07 10:00:22] WARNING: Memory usage is high
[2025-07-07 10:00:24] DEBUG: Checking API response time
[2025-07-07 10:00:25] DEBUG: Checking API response time
[2025-07-07 10:00:28] INFO: System running smoothly
[2025-07-07 10:00:29] ERROR: Database connection failed
[2025-07-07 10:00:30] WARNING: Memory usage is high
[2025-07-07 10:00:32] INFO: System running smoothly
[2025-07-07 10:00:33] INFO: System running smoothly
[2025-07-07 10:00:35] DEBUG: Checking API response time
[2025-07-07 10:00:38] ERROR: Database connection failed
[2025-07-07 10:00:40] INFO: System running smoothly
[2025-07-07 10:00:42] WARNING: Memory usage is high
[2025-07-07 10:00:43] ERROR: Database connection failed
[2025-07-07 10:00:44] DEBUG: Checking API response time
[2025-07-07 10:00:45] ERROR: Database connection failed
[2025-07-07 10:00:46] ERROR: Database connection failed
[2025-07-07 10:00:47] DEBUG: Checking API response time
[2025-07-07 10:00:49] INFO: System running smoothly
[2025-07-07 10:00:50] DEBUG: Checking API response time
[2025-07-07 10:00:52] ERROR: Database connection failed
[2025-07-07 10:00:53] WARNING: Memory usage is high
[2025-07-07 10:00:55] DEBUG: Checking API response time
[2025-07-07 10:00:58] INFO: System running smoothly
[2025-07-07 10:01:01] ERROR: Database connection failed
[2025-07-07 10:01:02] DEBUG: Checking API response time
[2025-07-07 10:01:03] WARNING: Memory usage is high
[2025-07-07 10:01:04] WARNING: Memory usage is high
[2025-07-07 10:01:06] DEBUG: Checking API response time
[2025-07-07 10:01:09] WARNING: Memory usage is high
[2025-07-07 10:01:12] WARNING: Memory usage is high
[2025-07-07 10:01:15] WARNING: Memory usage is high
[2025-07-07 10:01:18] DEBUG: Checking API response time
[2025-07-07 10:01:20] WARNING: Memory usage is high
[2025-07-07 10:01:21] ERROR: Database connection failed
[2025-07-07 10:01:23] DEBUG: Checking API response time
[2025-07-07 10:01:26] WARNING: Memory usage is high
[2025-07-07 10:01:28] INFO: System running smoothly
[2025-07-07 10:01:31] DEBUG: Checking API response time
[2025-07-07 10:01:32] INFO: System running smoothly
[2025-07-07 10:01:34] WARNING: Memory usage is high
[2025-07-07 10:01:36] WARNING: Memory usage is high
[2025-07-07 10:01:39] ERROR: Database connection failed
[2025-07-07 10:01:41] ERROR: Database connection failed
[2025-07-07 10:01:43] WARNING: Memory usage is high
[2025-07-07 10:01:45] ERROR: Database connection failed
[2025-07-07 10:01:48] WARNING: Memory usage is high
[2025-07-07 10:01:49] DEBUG: Checking API response time
[2025-07-07 10:01:51] ERROR: Database connection failed
[2025-07-07 10:01:52] ERROR: Database connection failed
[2025-07-07 10:01:55] ERROR: Database connection failed
[2025-07-07 10:01:57] ERROR: Database connection failed
[2025-07-07 10:01:58] ERROR: Database connection failed
[2025-07-07 10:02:00] INFO: System running smoothly
[2025-07-07 10:02:01] INFO: System running smoothly
[2025-07-07 10:02:02] ERROR: Database connection failed
[2025-07-07 10:02:04] WARNING: Memory usage is high
[2025-07-07 10:02:06] DEBUG: Checking API response time
[2025-07-07 10:02:07] INFO: System running smoothly
[2025-07-07 10:02:08] INFO: System running smoothly
[2025-07-07 10:02:11] ERROR: Database connection failed
[2025-07-07 10:02:12] WARNING: Memory usage is high
[2025-07-07 10:02:15] INFO: System running smoothly
[2025-07-07 10:02:18] WARNING: Memory usage is high
[2025-07-07 10:02:20] WARNING: Memory usage is high
[2025-07-07 10:02:23] INFO: System running smoothly
[2025-07-07 10:02:25] ERROR: Database connection failed
[2025-07-07 10:02:26] INFO: System running smoothly
[2025-07-07 10:02:29] WARNING: Memory usage is high
[2025-07-07 10:02:32] WARNING: Memory usage is high
[2025-07-07 10:02:34] INFO: System running smoothly
[2025-07-07 10:02:37] DEBUG: Checking API response time
[2025-07-07 10:02:40] ERROR: Database connection failed
[2025-07-07 10:02:41] INFO: System running smoothly
[2025-07-07 10:02:42] WARNING: Memory usage is high
[2025-07-07 10:02:43] INFO: System running smoothly
[2025-07-07 10:02:44] INFO: System running smoothly
[2025-07-07 10:02:45] INFO: System running smoothly
[2025-07-07 10:02:47] ERROR: Database connection failed
[2025-07-07 10:02:50] INFO: System running smoothly
[2025-07-07 10:02:51] INFO: System running smoothly
[2025-07-07 10:02:54] INFO: System running smoothly
[2025-07-07 10:02:57] DEBUG: Checking API response time
[2025-07-07 10:03:00] WARNING: Memory usage is high
[2025-07-07 10:03:02] WARNING: Memory usage is high
[2025-07-07 10:03:05] INFO: System running smoothly
[2025-07-07 10:03:08] WARNING: Memory usage is high
[2025-07-07 10:03:10] ERROR: Database connection failed
[2025-07-07 10:03:12] WARNING: Memory usage is high
[2025-07-07 10:03:14] DEBUG: Checking API response time
[2025-07-07 10:03:15] ERROR: Database connection failed
[2025-07-07 10:03:18] DEBUG: Checking API response time
[2025-07-07 10:03:21] DEBUG: Checking API response time
[2025-07-07 10:03:23] WARNING: Memory usage is high
[2025-07-07 10:03:25] INFO: System running smoothly
[2025-07-07 10:03:27] ERROR: Database connection failed
[2025-07-07 10:03:30] INFO: System running smoothly
[2025-07-07 10:03:32] ERROR: Database connection failed
[2025-07-07 10:03:33] DEBUG: Checking API response time
[2025-07-07 10:03:34] ERROR: Database connection failed
[2025-07-07 10:03:36] DEBUG: Checking API response time
[2025-07-07 10:03:38] DEBUG: Checking API response time
[2025-07-07 10:03:39] DEBUG: Checking API response time
[2025-07-07 10:03:42] ERROR: Database connection failed
[2025-07-07 10:03:44] WARNING: Memory usage is high
[2025-07-07 10:03:47] DEBUG: Checking API response time
[2025-07-07 10:03:48] DEBUG: Checking API response time
[2025-07-07 10:03:50] INFO: System running smoothly
[2025-07-07 10:03:52] WARNING: Memory usage is high
[2025-07-07 10:03:55] ERROR: Database connection failed
[2025-07-07 10:03:56] INFO: System running smoothly
[2025-07-07 10:03:57] INFO: System running smoothly
[2025-07-07 10:03:58] INFO: System running smoothly
[2025-07-07 10:04:00] DEBUG: Checking API response time
[2025-07-07 10:04:01] INFO: System running smoothly
[2025-07-07 10:04:03] WARNING: Memory usage is high
[2025-07-07 10:04:05] ERROR: Database connection failed
[2025-07-07 10:04:07] INFO: System running smoothly
[2025-07-07 10:04:10] WARNING: Memory usage is high
[2025-07-07 10:04:13] INFO: System running smoothly
[2025-07-07 10:04:16] DEBUG: Checking API response time
[2025-07-07 10:04:18] INFO: System running smoothly
[2025-07-07 10:04:20] ERROR: Database connection failed
[2025-07-07 10:04:22] WARNING: Memory usage is high
[2025-07-07 10:04:24] ERROR: Database connection failed
[2025-07-07 10:04:26] DEBUG: Checking API response time
[2025-07-07 10:04:28] WARNING: Memory usage is high
[2025-07-07 10:04:29] DEBUG: Checking API response time
[2025-07-07 10:04:30] WARNING: Memory usage is high
[2025-07-07 10:04:32] DEBUG: Checking API response time
[2025-07-07 10:04:34] INFO: System running smoothly
[2025-07-07 10:04:35] WARNING: Memory usage is high
[2025-07-07 10:04:38] DEBUG: Checking API response time
[2025-07-07 10:04:40] ERROR: Database connection failed
[2025-07-07 10:04:43] INFO: System running smoothly
[2025-07-07 10:04:44] DEBUG: Checking API response time
[2025-07-07 10:04:46] INFO: System running smoothly
[2025-07-07 10:04:49] INFO: System running smoothly
[2025-07-07 10:04:51] WARNING: Memory usage is high
[2025-07-07 10:04:54] WARNING: Memory usage is high
[2025-07-07 10:04:55] WARNING: Memory usage is high
[2025-07-07 10:04:56] ERROR: Database connection failed
[2025-07-07 10:04:57] INFO: System running smoothly
[2025-07-07 10:04:58] WARNING: Memory usage is high
[2025-07-07 10:05:01] WARNING: Memory usage is high
[2025-07-07 10:05:03] INFO: System running smoothly
[2025-07-07 10:05:04] ERROR: Database connection failed
[2025-07-07 10:05:05] INFO: System running smoothly
[2025-07-07 10:05:08] DEBUG: Checking API response time
[2025-07-07 10:05:11] DEBUG: Checking API response time
[2025-07-07 10:05:13] INFO: System running smoothly
[2025-07-07 10:05:14] INFO: System running smoothly
[2025-07-07 10:05:17] DEBUG: Checking API response time
[2025-07-07 10:05:20] ERROR: Database connection failed
[2025-07-07 10:05:22] INFO: System running smoothly
[2025-07-07 10:05:25] DEBUG: Checking API response time
[2025-07-07 10:05:27] WARNING: Memory usage is high
[2025-07-07 10:05:28] WARNING: Memory usage is high
[2025-07-07 10:05:31] WARNING: Memory usage is high
[2025-07-07 10:05:34] ERROR: Database connection failed
[2025-07-07 10:05:37] WARNING: Memory usage is high
[2025-07-07 10:05:38] INFO: System running smoothly
[2025-07-07 10:05:39] INFO: System running smoothly
[2025-07-07 10:05:40] DEBUG: Checking API response time
[2025-07-07 10:05:43] DEBUG: Checking API response time
[2025-07-07 10:05:44] INFO: System running smoothly
[2025-07-07 10:05:45] INFO: System running smoothly
[2025-07-07 10:05:46] ERROR: Database connection failed
[2025-07-07 10:05:49] INFO: System running smoothly
[2025-07-07 10:05:52] INFO: System running smoothly
[2025-07-07 10:05:55] DEBUG: Checking API response time
[2025-07-07 10:05:56] DEBUG: Checking API response time
[2025-07-07 10:05:59] INFO: System running smoothly
[2025-07-07 10:06:02] DEBUG: Checking API response time
[2025-07-07 10:06:04] DEBUG: Checking API response time
[2025-07-07 10:06:06] DEBUG: Checking API response time
[2025-07-07 10:06:09] DEBUG: Checking API response time
[2025-07-07 10:06:10] ERROR: Database connection failed
[2025-07-07 10:06:11] ERROR: Database connection failed
[2025-07-07 10:06:14] INFO: System running smoothly
[2025-07-07 10:06:16] ERROR: Database connection failed
[2025-07-07 10:06:19] ERROR: Database connection failed
[2025-07-07 10:06:20] WARNING: Memory usage is high
[2025-07-07 10:06:21] INFO: System running smoothly
[2025-07-07 10:06:22] INFO: System running smoothly
[2025-07-07 10:06:24] ERROR: Database connection failed
[2025-07-07 10:06:25] INFO: System running smoothly
[2025-07-07 10:06:26] ERROR: Database connection failed
[2025-07-07 10:06:28] WARNING: Memory usage is high
[2025-07-07 10:06:29] WARNING: Memory usage is high
[2025-07-07 10:06:32] DEBUG: Checking API response time
[2025-07-07 10:06:33] INFO: System running smoothly
[2025-07-07 10:06:35] DEBUG: Checking API response time
[2025-07-07 10:06:37] DEBUG: Checking API response time
[2025-07-07 10:06:39] WARNING: Memory usage is high
[2025-07-07 10:06:40] WARNING: Memory usage is high
[2025-07-07 10:06:42] WARNING: Memory usage is high
[2025-07-07 10:06:45] INFO: System running smoothly
[2025-07-07 10:06:47] WARNING: Memory usage is high
[2025-07-07 10:06:49] DEBUG: Checking API response time
[2025-07-07 10:06:52] INFO: System running smoothly
[2025-07-07 10:06:55] DEBUG: Checking API response time
[2025-07-07 10:06:58] DEBUG: Checking API response time
[2025-07-07 10:07:01] INFO: System running smoothly
[2025-07-07 10:07:03] INFO: System running smoothly
[2025-07-07 10:07:06] ERROR: Database connection failed
[2025-07-07 10:07:07] ERROR: Database connection failed
[2025-07-07 10:07:08] INFO: System running smoothly
[2025-07-07 10:07:11] DEBUG: Checking API response time
[2025-07-07 10:07:14] WARNING: Memory usage is high
[2025-07-07 10:07:15] INFO: System running smoothly
[2025-07-07 10:07:17] WARNING: Memory usage is high
[2025-07-07 10:07:20] WARNING: Memory usage is high
[2025-07-07 10:07:21] DEBUG: Checking API response time
[2025-07-07 10:07:23] DEBUG: Checking API response time
[2025-07-07 10:07:24] WARNING: Memory usage is high
[2025-07-07 10:07:27] INFO: System running smoothly
[2025-07-07 10:07:30] WARNING: Memory usage is high
[2025-07-07 10:07:32] ERROR: Database connection failed
[2025-07-07 10:07:33] DEBUG: Checking API response time
[2025-07-07 10:07:36] INFO: System running smoothly
[2025-07-07 10:07:37] INFO: System running smoothly
[2025-07-07 10:07:38] ERROR: Database connection failed
[2025-07-07 10:07:39] INFO: System running smoothly
[2025-07-07 10:07:43] INFO: System running smoothly
[2025-07-07 10:07:45] DEBUG: Checking API response time
[2025-07-07 10:07:48] DEBUG: Checking API response time
[2025-07-07 10:07:51] DEBUG: Checking API response time
[2025-07-07 10:07:54] DEBUG: Checking API response time
[2025-07-07 10:07:55] DEBUG: Checking API response time
[2025-07-07 10:07:58] INFO: System running smoothly
[2025-07-07 10:08:00] WARNING: Memory usage is high
[2025-07-07 10:08:02] WARNING: Memory usage is high
[2025-07-07 10:08:03] ERROR: Database connection failed
[2025-07-07 10:08:04] WARNING: Memory usage is high
[2025-07-07 10:08:06] WARNING: Memory usage is high
[2025-07-07 10:08:09] WARNING: Memory usage is high
[2025-07-07 10:08:10] INFO: System running smoothly
[2025-07-07 10:08:12] INFO: System running smoothly
[2025-07-07 10:08:15] DEBUG: Checking API response time
[2025-07-07 10:08:17] ERROR: Database connection failed
[2025-07-07 10:08:20] WARNING: Memory usage is high
[2025-07-07 10:08:22] ERROR: Database connection failed
[2025-07-07 10:08:23] DEBUG: Checking API response time
[2025-07-07 10:08:25] WARNING: Memory usage is high
[2025-07-07 10:08:28] WARNING: Memory usage is high
[2025-07-07 10:08:31] DEBUG: Checking API response time
[2025-07-07 10:08:32] INFO: System running smoothly
[2025-07-07 10:08:34] DEBUG: Checking API response time
[2025-07-07 10:08:37] DEBUG: Checking API response time
[2025-07-07 10:08:39] INFO: System running smoothly
[2025-07-07 10:08:40] DEBUG: Checking API response time
[2025-07-07 10:08:41] INFO: System running smoothly
[2025-07-07 10:08:43] DEBUG: Checking API response time
[2025-07-07 10:08:44] DEBUG: Checking API response time
[2025-07-07 10:08:46] DEBUG: Checking API response time
[2025-07-07 10:08:47] WARNING: Memory usage is high
[2025-07-07 10:08:49] DEBUG: Checking API response time
[2025-07-07 10:08:50] WARNING: Memory usage is high
[2025-07-07 10:08:53] WARNING: Memory usage is high
[2025-07-07 10:08:55] ERROR: Database connection failed
[2025-07-07 10:08:58] ERROR: Database connection failed
[2025-07-07 10:08:59] ERROR: Database connection failed
[2025-07-07 10:09:02] INFO: System running smoothly
[2025-07-07 10:09:04] WARNING: Memory usage is high
[2025-07-07 10:09:05] INFO: System running smoothly
[2025-07-07 10:09:06] DEBUG: Checking API response time
[2025-07-07 10:09:07] INFO: System running smoothly
[2025-07-07 10:09:08] DEBUG: Checking API response time
[2025-07-07 10:09:09] WARNING: Memory usage is high
[2025-07-07 10:09:10] DEBUG: Checking API response time
[2025-07-07 10:09:12] DEBUG: Checking API response time
[2025-07-07 10:09:14] DEBUG: Checking API response time
[2025-07-07 10:09:16] WARNING: Memory usage is high
[2025-07-07 10:09:17] DEBUG: Checking API response time
[2025-07-07 10:09:19] WARNING: Memory usage is high
[2025-07-07 10:09:22] WARNING: Memory usage is high
[2025-07-07 10:09:24] INFO: System running smoothly
[2025-07-07 10:09:25] ERROR: Database connection failed
[2025-07-07 10:09:26] WARNING: Memory usage is high
[2025-07-07 10:09:28] INFO: System running smoothly
[2025-07-07 10:09:30] INFO: System running smoothly
[2025-07-07 10:09:33] WARNING: Memory usage is high
[2025-07-07 10:09:35] INFO: System running smoothly
[2025-07-07 10:09:37] ERROR: Database connection failed
[2025-07-07 10:09:39] WARNING: Memory usage is high
[2025-07-07 10:09:40] ERROR: Database connection failed
[2025-07-07 10:09:41] DEBUG: Checking API response time
[2025-07-07 10:09:44] WARNING: Memory usage is high
[2025-07-07 10:09:47] WARNING: Memory usage is high
[2025-07-07 10:09:50] WARNING: Memory usage is high
[2025-07-07 10:09:52] ERROR: Database connection failed
[2025-07-07 10:09:55] INFO: System running smoothly
[2025-07-07 10:09:56] ERROR: Database connection failed
[2025-07-07 10:09:59] ERROR: Database connection failed
[2025-07-07 10:10:00] INFO: System running smoothly
[2025-07-07 10:10:03] DEBUG: Checking API response time
[2025-07-07 10:10:06] INFO: System running smoothly
[2025-07-07 10:10:07] ERROR: Database connection failed
[2025-07-07 10:10:10] ERROR: Database connection failed
[2025-07-07 10:10:11] INFO: System running smoothly
[2025-07-07 10:10:14] INFO: System running smoothly
[2025-07-07 10:10:15] WARNING: Memory usage is high
[2025-07-07 10:10:18] INFO: System running smoothly
[2025-07-07 10:10:21] INFO: System running smoothly
[2025-07-07 10:10:23] INFO: System running smoothly
[2025-07-07 10:10:24] DEBUG: Checking API response time
[2025-07-07 10:10:26] INFO: System running smoothly
[2025-07-07 10:10:29] ERROR: Database connection failed
[2025-07-07 10:10:32] DEBUG: Checking API response time
[2025-07-07 10:10:35] ERROR: Database connection failed
[2025-07-07 10:10:36] DEBUG: Checking API response time
[2025-07-07 10:10:37] ERROR: Database connection failed
[2025-07-07 10:10:38] WARNING: Memory usage is high
[2025-07-07 10:10:40] WARNING: Memory usage is high
[2025-07-07 10:10:41] INFO: System running smoothly
[2025-07-07 10:10:43] DEBUG: Checking API response time
[2025-07-07 10:10:45] INFO: System running smoothly
[2025-07-07 10:10:47] WARNING: Memory usage is high
[2025-07-07 10:10:50] INFO: System running smoothly
[2025-07-07 10:10:52] DEBUG: Checking API response time
[2025-07-07 10:10:53] DEBUG: Checking API response time
[2025-07-07 10:10:55] INFO: System running smoothly
[2025-07-07 10:10:56] INFO: System running smoothly
[2025-07-07 10:10:58] INFO: System running smoothly
[2025-07-07 10:11:01] INFO: System running smoothly
[2025-07-07 10:11:02] WARNING: Memory usage is high
[2025-07-07 10:11:04] ERROR: Database connection failed
[2025-07-07 10:11:07] ERROR: Database connection failed
[2025-07-07 10:11:08] INFO: System running smoothly
[2025-07-07 10:11:10] DEBUG: Checking API response time
[2025-07-07 10:11:11] ERROR: Database connection failed
[2025-07-07 10:11:12] WARNING: Memory usage is high
[2025-07-07 10:11:13] INFO: System running smoothly
[2025-07-07 10:11:15] WARNING: Memory usage is high
[2025-07-07 10:11:17] ERROR: Database connection failed
[2025-07-07 10:11:18] ERROR: Database connection failed
[2025-07-07 10:11:21] WARNING: Memory usage is high
[2025-07-07 10:11:23] ERROR: Database connection failed
[2025-07-07 10:11:26] WARNING: Memory usage is high
[2025-07-07 10:11:29] DEBUG: Checking API response time
[2025-07-07 10:11:30] ERROR: Database connection failed
[2025-07-07 10:11:32] DEBUG: Checking API response time
[2025-07-07 10:11:33] INFO: System running smoothly
[2025-07-07 10:11:35] WARNING: Memory usage is high
[2025-07-07 10:11:36] DEBUG: Checking API response time
